<?xml version="1.0" encoding="UTF-8"?>
<robot generator="Robot 7.2.2 (Python 3.13.3 on win32)" generated="2025-04-28T15:36:22.399694" rpa="false" schemaversion="5">
<suite id="s1" name="Suites">
<suite id="s1-s1" name="SeleniumTC1" source="C:\Users\danitc\PycharmProjects\RobotFrameworkTestProject\Tests\SeleniumTC1.robot">
<kw name="Open My Browser" owner="LoginKeywords" type="SETUP">
<kw name="Open Browser" owner="SeleniumLibrary">
<msg time="2025-04-28T15:36:22.623981" level="INFO">Opening browser 'headlesschrome' to base url 'https://www.saucedemo.com'.</msg>
<arg>${URL}</arg>
<arg>${BROWSER}</arg>
<doc>Opens a new browser instance to the optional ``url``.</doc>
<status status="PASS" start="2025-04-28T15:36:22.623741" elapsed="1.663031"/>
</kw>
<kw name="Maximize Browser Window" owner="SeleniumLibrary">
<doc>Maximizes current browser window.</doc>
<status status="PASS" start="2025-04-28T15:36:24.287045" elapsed="0.030362"/>
</kw>
<arg>https://www.saucedemo.com</arg>
<arg>headlesschrome</arg>
<status status="PASS" start="2025-04-28T15:36:22.623142" elapsed="1.694449"/>
</kw>
<test id="s1-s1-t1" name="Valid Login Test" line="19">
<kw name="Element Should Be Visible" owner="SeleniumLibrary">
<msg time="2025-04-28T15:36:24.340332" level="INFO">Element 'name:user-name' is displayed.</msg>
<arg>${USERNAME_INPUT}</arg>
<doc>Verifies that the element identified by ``locator`` is visible.</doc>
<status status="PASS" start="2025-04-28T15:36:24.318260" elapsed="0.022216"/>
</kw>
<kw name="Element Should Be Enabled" owner="SeleniumLibrary">
<arg>${USERNAME_INPUT}</arg>
<doc>Verifies that element identified by ``locator`` is enabled.</doc>
<status status="PASS" start="2025-04-28T15:36:24.340711" elapsed="0.017640"/>
</kw>
<kw name="Login To Application" owner="LoginKeywords">
<kw name="Input Text" owner="SeleniumLibrary">
<msg time="2025-04-28T15:36:24.359282" level="INFO">Typing text 'test' into text field 'name:user-name'.</msg>
<arg>${UsernameInput}</arg>
<arg>${USERNAME}</arg>
<doc>Types the given ``text`` into the text field identified by ``locator``.</doc>
<status status="PASS" start="2025-04-28T15:36:24.359036" elapsed="0.073684"/>
</kw>
<kw name="Input Password" owner="SeleniumLibrary">
<msg time="2025-04-28T15:36:24.433367" level="INFO">Typing password into text field 'xpath://input[@id='password']'.</msg>
<msg time="2025-04-28T15:36:24.457130" level="INFO">Temporally setting log level to: NONE</msg>
<arg>${PasswordInput}</arg>
<arg>${PASSWORD}</arg>
<doc>Types the given password into the text field identified by ``locator``.</doc>
<status status="PASS" start="2025-04-28T15:36:24.432897" elapsed="0.055668"/>
</kw>
<kw name="Click Element" owner="SeleniumLibrary">
<msg time="2025-04-28T15:36:24.489098" level="INFO">Clicking element 'id:login-button'.</msg>
<arg>${LoginButton}</arg>
<doc>Click the element identified by ``locator``.</doc>
<status status="PASS" start="2025-04-28T15:36:24.488745" elapsed="0.054807"/>
</kw>
<arg>${INVALID_USERNAME}</arg>
<arg>${INVALID_PASSWORD}</arg>
<status status="PASS" start="2025-04-28T15:36:24.358597" elapsed="0.185099"/>
</kw>
<kw name="Wait Until Element Contains" owner="SeleniumLibrary">
<arg>xpath://*[@data-test='error']</arg>
<arg>Epic sadface: Username and password do not match any user in this service</arg>
<doc>Waits until the element ``locator`` contains ``text``.</doc>
<status status="PASS" start="2025-04-28T15:36:24.543854" elapsed="0.015892"/>
</kw>
<kw name="Get Error Message" owner="LoginKeywords">
<kw name="Get Text" owner="SeleniumLibrary">
<msg time="2025-04-28T15:36:24.571634" level="INFO">${LOGIN_ERROR_MESSAGE} = Epic sadface: Username and password do not match any user in this service</msg>
<var>${LOGIN_ERROR_MESSAGE}</var>
<arg>xpath://*[@data-test='error']</arg>
<doc>Returns the text value of the element identified by ``locator``.</doc>
<status status="PASS" start="2025-04-28T15:36:24.560217" elapsed="0.011462"/>
</kw>
<return>
<value>${LOGIN_ERROR_MESSAGE}</value>
<status status="PASS" start="2025-04-28T15:36:24.571769" elapsed="0.000173"/>
</return>
<msg time="2025-04-28T15:36:24.572091" level="INFO">${ERROR_MESSAGE} = Epic sadface: Username and password do not match any user in this service</msg>
<var>${ERROR_MESSAGE}</var>
<status status="PASS" start="2025-04-28T15:36:24.559948" elapsed="0.012170"/>
</kw>
<kw name="Log" owner="BuiltIn">
<msg time="2025-04-28T15:36:24.572424" level="INFO">Epic sadface: Username and password do not match any user in this service</msg>
<arg>${ERROR_MESSAGE}</arg>
<doc>Logs the given message with the given level.</doc>
<status status="PASS" start="2025-04-28T15:36:24.572242" elapsed="0.000224"/>
</kw>
<kw name="Sleep" owner="BuiltIn">
<msg time="2025-04-28T15:36:27.572830" level="INFO">Slept 3 seconds.</msg>
<arg>3</arg>
<doc>Pauses the test executed for the given time.</doc>
<status status="PASS" start="2025-04-28T15:36:24.572554" elapsed="3.000377"/>
</kw>
<kw name="Login To Application" owner="LoginKeywords">
<kw name="Input Text" owner="SeleniumLibrary">
<msg time="2025-04-28T15:36:27.573744" level="INFO">Typing text 'standard_user' into text field 'name:user-name'.</msg>
<arg>${UsernameInput}</arg>
<arg>${USERNAME}</arg>
<doc>Types the given ``text`` into the text field identified by ``locator``.</doc>
<status status="PASS" start="2025-04-28T15:36:27.573528" elapsed="0.047973"/>
</kw>
<kw name="Input Password" owner="SeleniumLibrary">
<msg time="2025-04-28T15:36:27.622320" level="INFO">Typing password into text field 'xpath://input[@id='password']'.</msg>
<msg time="2025-04-28T15:36:27.638360" level="INFO">Temporally setting log level to: NONE</msg>
<arg>${PasswordInput}</arg>
<arg>${PASSWORD}</arg>
<doc>Types the given password into the text field identified by ``locator``.</doc>
<status status="PASS" start="2025-04-28T15:36:27.621666" elapsed="0.045842"/>
</kw>
<kw name="Click Element" owner="SeleniumLibrary">
<msg time="2025-04-28T15:36:27.667951" level="INFO">Clicking element 'id:login-button'.</msg>
<arg>${LoginButton}</arg>
<doc>Click the element identified by ``locator``.</doc>
<status status="PASS" start="2025-04-28T15:36:27.667669" elapsed="0.058323"/>
</kw>
<arg>${VALID_USERNAME}</arg>
<arg>${VALID_PASSWORD}</arg>
<status status="PASS" start="2025-04-28T15:36:27.573130" elapsed="0.152970"/>
</kw>
<kw name="Wait Until Element Contains" owner="SeleniumLibrary">
<arg>//*[@data-test='title']</arg>
<arg>Products</arg>
<arg>10 seconds</arg>
<doc>Waits until the element ``locator`` contains ``text``.</doc>
<status status="PASS" start="2025-04-28T15:36:27.726229" elapsed="0.012059"/>
</kw>
<kw name="Title Should Be" owner="SeleniumLibrary">
<msg time="2025-04-28T15:36:27.741531" level="INFO">Page title is 'Swag Labs'.</msg>
<arg>${HOMEPAGE_TITLE}</arg>
<doc>Verifies that the current page title equals ``title``.</doc>
<status status="PASS" start="2025-04-28T15:36:27.738454" elapsed="0.003163"/>
</kw>
<kw name="Execute Javascript" owner="SeleniumLibrary">
<msg time="2025-04-28T15:36:27.742174" level="INFO">Executing JavaScript:
window.scrollTo(0,document.body.scrollHeight)
Without any arguments.</msg>
<arg>window.scrollTo(0,document.body.scrollHeight)</arg>
<doc>Executes the given JavaScript code with possible arguments.</doc>
<status status="PASS" start="2025-04-28T15:36:27.741762" elapsed="0.003371"/>
</kw>
<kw name="Sleep" owner="BuiltIn">
<msg time="2025-04-28T15:36:30.746237" level="INFO">Slept 3 seconds.</msg>
<arg>3</arg>
<doc>Pauses the test executed for the given time.</doc>
<status status="PASS" start="2025-04-28T15:36:27.745300" elapsed="3.001037"/>
</kw>
<kw name="Close Browser" owner="SeleniumLibrary">
<doc>Closes the current browser.</doc>
<status status="PASS" start="2025-04-28T15:36:30.746502" elapsed="2.101780"/>
</kw>
<doc>Executable path is going to be deprecated</doc>
<status status="PASS" start="2025-04-28T15:36:24.317727" elapsed="8.530792"/>
</test>
<kw name="Close All Browsers" owner="SeleniumLibrary" type="TEARDOWN">
<doc>Closes all open browsers and resets the browser cache.</doc>
<status status="PASS" start="2025-04-28T15:36:32.849005" elapsed="0.000225"/>
</kw>
<status status="PASS" start="2025-04-28T15:36:22.426818" elapsed="10.422566"/>
</suite>
<status status="PASS" start="2025-04-28T15:36:22.415267" elapsed="10.434665"/>
</suite>
<statistics>
<total>
<stat pass="1" fail="0" skip="0">All Tests</stat>
</total>
<tag>
</tag>
<suite>
<stat name="Suites" id="s1" pass="1" fail="0" skip="0">Suites</stat>
<stat name="SeleniumTC1" id="s1-s1" pass="1" fail="0" skip="0">Suites.SeleniumTC1</stat>
</suite>
</statistics>
<errors>
</errors>
</robot>
