<?xml version="1.0" encoding="UTF-8"?>
<robot generator="Robot 7.2.2 (Python 3.13.3 on win32)" generated="2025-04-28T10:01:52.466852" rpa="false" schemaversion="5">
<suite id="s1" name="SeleniumTC1 &amp; SeleniumTestTemplate &amp; TestCase1 &amp; TestCase2">
<suite id="s1-s1" name="SeleniumTC1" source="C:\Users\danitc\PycharmProjects\RobotFrameworkTestProject\Tests\SeleniumTC1.robot">
<kw name="Open My Browser" owner="LoginKeywords" type="SETUP">
<kw name="Open Browser" owner="SeleniumLibrary">
<msg time="2025-04-28T10:01:52.737048" level="INFO">Opening browser 'chrome' to base url 'https://www.saucedemo.com'.</msg>
<arg>${URL}</arg>
<arg>${BROWSER}</arg>
<doc>Opens a new browser instance to the optional ``url``.</doc>
<status status="PASS" start="2025-04-28T10:01:52.736713" elapsed="2.774463"/>
</kw>
<kw name="Maximize Browser Window" owner="SeleniumLibrary">
<doc>Maximizes current browser window.</doc>
<status status="PASS" start="2025-04-28T10:01:55.511367" elapsed="0.032419"/>
</kw>
<arg>https://www.saucedemo.com</arg>
<arg>chrome</arg>
<status status="PASS" start="2025-04-28T10:01:52.735999" elapsed="2.807951"/>
</kw>
<test id="s1-s1-t1" name="Valid Login Test" line="19">
<kw name="Element Should Be Visible" owner="SeleniumLibrary">
<msg time="2025-04-28T10:01:55.599142" level="INFO">Element 'name:user-name' is displayed.</msg>
<arg>${USERNAME_INPUT}</arg>
<doc>Verifies that the element identified by ``locator`` is visible.</doc>
<status status="PASS" start="2025-04-28T10:01:55.544479" elapsed="0.054749"/>
</kw>
<kw name="Element Should Be Enabled" owner="SeleniumLibrary">
<arg>${USERNAME_INPUT}</arg>
<doc>Verifies that element identified by ``locator`` is enabled.</doc>
<status status="PASS" start="2025-04-28T10:01:55.599478" elapsed="0.014196"/>
</kw>
<kw name="Login To Application" owner="LoginKeywords">
<kw name="Input Text" owner="SeleniumLibrary">
<msg time="2025-04-28T10:01:55.614425" level="INFO">Typing text 'test' into text field 'name:user-name'.</msg>
<arg>${UsernameInput}</arg>
<arg>${USERNAME}</arg>
<doc>Types the given ``text`` into the text field identified by ``locator``.</doc>
<status status="PASS" start="2025-04-28T10:01:55.614256" elapsed="0.064226"/>
</kw>
<kw name="Input Password" owner="SeleniumLibrary">
<msg time="2025-04-28T10:01:55.678846" level="INFO">Typing password into text field 'xpath://input[@id='password']'.</msg>
<msg time="2025-04-28T10:01:55.702265" level="INFO">Temporally setting log level to: NONE</msg>
<arg>${PasswordInput}</arg>
<arg>${PASSWORD}</arg>
<doc>Types the given password into the text field identified by ``locator``.</doc>
<status status="PASS" start="2025-04-28T10:01:55.678642" elapsed="0.051632"/>
</kw>
<kw name="Click Element" owner="SeleniumLibrary">
<msg time="2025-04-28T10:01:55.730591" level="INFO">Clicking element 'id:login-button'.</msg>
<arg>${LoginButton}</arg>
<doc>Click the element identified by ``locator``.</doc>
<status status="PASS" start="2025-04-28T10:01:55.730421" elapsed="0.047797"/>
</kw>
<arg>${INVALID_USERNAME}</arg>
<arg>${INVALID_PASSWORD}</arg>
<status status="PASS" start="2025-04-28T10:01:55.613968" elapsed="0.164358"/>
</kw>
<kw name="Wait Until Element Contains" owner="SeleniumLibrary">
<arg>xpath://*[@data-test='error']</arg>
<arg>Epic sadface: Username and password do not match any user in this service</arg>
<doc>Waits until the element ``locator`` contains ``text``.</doc>
<status status="PASS" start="2025-04-28T10:01:55.778686" elapsed="0.015058"/>
</kw>
<kw name="Get Error Message" owner="LoginKeywords">
<kw name="Get Text" owner="SeleniumLibrary">
<msg time="2025-04-28T10:01:55.804104" level="INFO">${LOGIN_ERROR_MESSAGE} = Epic sadface: Username and password do not match any user in this service</msg>
<var>${LOGIN_ERROR_MESSAGE}</var>
<arg>xpath://*[@data-test='error']</arg>
<doc>Returns the text value of the element identified by ``locator``.</doc>
<status status="PASS" start="2025-04-28T10:01:55.794222" elapsed="0.009924"/>
</kw>
<return>
<value>${LOGIN_ERROR_MESSAGE}</value>
<status status="PASS" start="2025-04-28T10:01:55.804225" elapsed="0.000059"/>
</return>
<msg time="2025-04-28T10:01:55.804417" level="INFO">${ERROR_MESSAGE} = Epic sadface: Username and password do not match any user in this service</msg>
<var>${ERROR_MESSAGE}</var>
<status status="PASS" start="2025-04-28T10:01:55.794017" elapsed="0.010425"/>
</kw>
<kw name="Log" owner="BuiltIn">
<msg time="2025-04-28T10:01:55.804752" level="INFO">Epic sadface: Username and password do not match any user in this service</msg>
<arg>${ERROR_MESSAGE}</arg>
<doc>Logs the given message with the given level.</doc>
<status status="PASS" start="2025-04-28T10:01:55.804631" elapsed="0.000162"/>
</kw>
<kw name="Sleep" owner="BuiltIn">
<msg time="2025-04-28T10:01:58.805238" level="INFO">Slept 3 seconds.</msg>
<arg>3</arg>
<doc>Pauses the test executed for the given time.</doc>
<status status="PASS" start="2025-04-28T10:01:55.804913" elapsed="3.000428"/>
</kw>
<kw name="Login To Application" owner="LoginKeywords">
<kw name="Input Text" owner="SeleniumLibrary">
<msg time="2025-04-28T10:01:58.806091" level="INFO">Typing text 'standard_user' into text field 'name:user-name'.</msg>
<arg>${UsernameInput}</arg>
<arg>${USERNAME}</arg>
<doc>Types the given ``text`` into the text field identified by ``locator``.</doc>
<status status="PASS" start="2025-04-28T10:01:58.805933" elapsed="0.051158"/>
</kw>
<kw name="Input Password" owner="SeleniumLibrary">
<msg time="2025-04-28T10:01:58.857447" level="INFO">Typing password into text field 'xpath://input[@id='password']'.</msg>
<msg time="2025-04-28T10:01:58.874299" level="INFO">Temporally setting log level to: NONE</msg>
<arg>${PasswordInput}</arg>
<arg>${PASSWORD}</arg>
<doc>Types the given password into the text field identified by ``locator``.</doc>
<status status="PASS" start="2025-04-28T10:01:58.857247" elapsed="0.047501"/>
</kw>
<kw name="Click Element" owner="SeleniumLibrary">
<msg time="2025-04-28T10:01:58.905067" level="INFO">Clicking element 'id:login-button'.</msg>
<arg>${LoginButton}</arg>
<doc>Click the element identified by ``locator``.</doc>
<status status="PASS" start="2025-04-28T10:01:58.904905" elapsed="0.062991"/>
</kw>
<arg>${VALID_USERNAME}</arg>
<arg>${VALID_PASSWORD}</arg>
<status status="PASS" start="2025-04-28T10:01:58.805639" elapsed="0.162357"/>
</kw>
<kw name="Wait Until Element Contains" owner="SeleniumLibrary">
<arg>//*[@data-test='title']</arg>
<arg>Products</arg>
<arg>10 seconds</arg>
<doc>Waits until the element ``locator`` contains ``text``.</doc>
<status status="PASS" start="2025-04-28T10:01:58.968328" elapsed="0.014638"/>
</kw>
<kw name="Title Should Be" owner="SeleniumLibrary">
<msg time="2025-04-28T10:01:58.986428" level="INFO">Page title is 'Swag Labs'.</msg>
<arg>${HOMEPAGE_TITLE}</arg>
<doc>Verifies that the current page title equals ``title``.</doc>
<status status="PASS" start="2025-04-28T10:01:58.983250" elapsed="0.003253"/>
</kw>
<kw name="Execute Javascript" owner="SeleniumLibrary">
<msg time="2025-04-28T10:01:58.987020" level="INFO">Executing JavaScript:
window.scrollTo(0,document.body.scrollHeight)
Without any arguments.</msg>
<arg>window.scrollTo(0,document.body.scrollHeight)</arg>
<doc>Executes the given JavaScript code with possible arguments.</doc>
<status status="PASS" start="2025-04-28T10:01:58.986724" elapsed="0.003227"/>
</kw>
<kw name="Sleep" owner="BuiltIn">
<msg time="2025-04-28T10:02:01.990358" level="INFO">Slept 3 seconds.</msg>
<arg>3</arg>
<doc>Pauses the test executed for the given time.</doc>
<status status="PASS" start="2025-04-28T10:01:58.990167" elapsed="3.000297"/>
</kw>
<kw name="Close Browser" owner="SeleniumLibrary">
<doc>Closes the current browser.</doc>
<status status="PASS" start="2025-04-28T10:02:01.990724" elapsed="2.124495"/>
</kw>
<doc>Executable path is going to be deprecated</doc>
<status status="PASS" start="2025-04-28T10:01:55.544050" elapsed="8.571485"/>
</test>
<kw name="Close All Browsers" owner="SeleniumLibrary" type="TEARDOWN">
<doc>Closes all open browsers and resets the browser cache.</doc>
<status status="PASS" start="2025-04-28T10:02:04.116170" elapsed="0.000138"/>
</kw>
<status status="PASS" start="2025-04-28T10:01:52.493290" elapsed="11.623179"/>
</suite>
<suite id="s1-s2" name="SeleniumTestTemplate" source="C:\Users\danitc\PycharmProjects\RobotFrameworkTestProject\Tests\SeleniumTestTemplate.robot">
<kw name="Open My Browser" owner="login_resources" type="SETUP">
<kw name="Open Browser" owner="SeleniumLibrary">
<msg time="2025-04-28T10:02:04.122033" level="INFO">Opening browser 'chrome' to base url 'https://www.saucedemo.com'.</msg>
<arg>${URL}</arg>
<arg>${BROWSER}</arg>
<doc>Opens a new browser instance to the optional ``url``.</doc>
<status status="PASS" start="2025-04-28T10:02:04.121881" elapsed="1.560501"/>
</kw>
<kw name="Maximize Browser Window" owner="SeleniumLibrary">
<doc>Maximizes current browser window.</doc>
<status status="PASS" start="2025-04-28T10:02:05.682544" elapsed="0.023190"/>
</kw>
<status status="PASS" start="2025-04-28T10:02:04.121728" elapsed="1.584132"/>
</kw>
<test id="s1-s2-t1" name="Right user empty password" line="27">
<kw name="Invalid Login">
<kw name="Set Selenium Timeout" owner="SeleniumLibrary">
<arg>10 seconds</arg>
<doc>Sets the timeout that is used by various keywords.</doc>
<status status="PASS" start="2025-04-28T10:02:05.707184" elapsed="0.000914"/>
</kw>
<kw name="Login To Application" owner="login_resources">
<kw name="Input Text" owner="SeleniumLibrary">
<msg time="2025-04-28T10:02:05.708626" level="INFO">Typing text 'standard_user' into text field 'name:user-name'.</msg>
<arg>${USERNAME_INPUT}</arg>
<arg>${USERNAME}</arg>
<doc>Types the given ``text`` into the text field identified by ``locator``.</doc>
<status status="PASS" start="2025-04-28T10:02:05.708452" elapsed="0.083617"/>
</kw>
<kw name="Input Password" owner="SeleniumLibrary">
<msg time="2025-04-28T10:02:05.792447" level="INFO">Typing password into text field 'xpath://input[@id='password']'.</msg>
<msg time="2025-04-28T10:02:05.814895" level="INFO">Temporally setting log level to: NONE</msg>
<arg>${PASSWORD_INPUT}</arg>
<arg>${PASSWORD}</arg>
<doc>Types the given password into the text field identified by ``locator``.</doc>
<status status="PASS" start="2025-04-28T10:02:05.792245" elapsed="0.045397"/>
</kw>
<kw name="Click Element" owner="SeleniumLibrary">
<msg time="2025-04-28T10:02:05.837997" level="INFO">Clicking element 'id:login-button'.</msg>
<arg>${LOGIN_BUTTON}</arg>
<doc>Click the element identified by ``locator``.</doc>
<status status="PASS" start="2025-04-28T10:02:05.837808" elapsed="0.048273"/>
</kw>
<arg>${USERNAME}</arg>
<arg>${PASSWORD}</arg>
<status status="PASS" start="2025-04-28T10:02:05.708227" elapsed="0.177949"/>
</kw>
<kw name="Wait Until Element Contains" owner="SeleniumLibrary">
<arg>xpath://*[@data-test='error']</arg>
<arg>Epic sadface:</arg>
<doc>Waits until the element ``locator`` contains ``text``.</doc>
<status status="PASS" start="2025-04-28T10:02:05.886292" elapsed="0.015746"/>
</kw>
<kw name="Element Should Contain" owner="SeleniumLibrary">
<msg time="2025-04-28T10:02:05.910347" level="INFO">Element 'xpath://*[@data-test='error']' contains text 'Epic sadface:'.</msg>
<arg>xpath://*[@data-test='error']</arg>
<arg>Epic sadface:</arg>
<doc>Verifies that element ``locator`` contains text ``expected``.</doc>
<status status="PASS" start="2025-04-28T10:02:05.902190" elapsed="0.008230"/>
</kw>
<kw name="Get Error Message" owner="login_resources">
<kw name="Get Text" owner="SeleniumLibrary">
<msg time="2025-04-28T10:02:05.918748" level="INFO">${LOGIN_ERROR_MESSAGE} = Epic sadface: Password is required</msg>
<var>${LOGIN_ERROR_MESSAGE}</var>
<arg>xpath://*[@data-test='error']</arg>
<doc>Returns the text value of the element identified by ``locator``.</doc>
<status status="PASS" start="2025-04-28T10:02:05.910782" elapsed="0.008003"/>
</kw>
<return>
<value>${LOGIN_ERROR_MESSAGE}</value>
<status status="PASS" start="2025-04-28T10:02:05.918857" elapsed="0.000050"/>
</return>
<msg time="2025-04-28T10:02:05.919027" level="INFO">${ERROR_MESSAGE} = Epic sadface: Password is required</msg>
<var>${ERROR_MESSAGE}</var>
<status status="PASS" start="2025-04-28T10:02:05.910589" elapsed="0.008461"/>
</kw>
<kw name="Log" owner="BuiltIn">
<msg time="2025-04-28T10:02:05.919263" level="INFO">Epic sadface: Password is required</msg>
<arg>${ERROR_MESSAGE}</arg>
<doc>Logs the given message with the given level.</doc>
<status status="PASS" start="2025-04-28T10:02:05.919152" elapsed="0.000148"/>
</kw>
<kw name="Clear Login Inputs" owner="login_resources">
<kw name="Clear Element Text" owner="SeleniumLibrary">
<arg>${USERNAME_INPUT}</arg>
<doc>Clears the value of the text-input-element identified by ``locator``.</doc>
<status status="PASS" start="2025-04-28T10:02:05.919571" elapsed="0.017738"/>
</kw>
<kw name="Clear Element Text" owner="SeleniumLibrary">
<arg>${PASSWORD_INPUT}</arg>
<doc>Clears the value of the text-input-element identified by ``locator``.</doc>
<status status="PASS" start="2025-04-28T10:02:05.937482" elapsed="0.016093"/>
</kw>
<status status="PASS" start="2025-04-28T10:02:05.919411" elapsed="0.034258"/>
</kw>
<arg>${VALID_USERNAME}</arg>
<arg>${EMPTY}</arg>
<status status="PASS" start="2025-04-28T10:02:05.706510" elapsed="0.247208"/>
</kw>
<status status="PASS" start="2025-04-28T10:02:05.705962" elapsed="0.247943"/>
</test>
<test id="s1-s2-t2" name="Right user wrong password" line="28">
<kw name="Invalid Login">
<kw name="Set Selenium Timeout" owner="SeleniumLibrary">
<arg>10 seconds</arg>
<doc>Sets the timeout that is used by various keywords.</doc>
<status status="PASS" start="2025-04-28T10:02:05.954661" elapsed="0.000630"/>
</kw>
<kw name="Login To Application" owner="login_resources">
<kw name="Input Text" owner="SeleniumLibrary">
<msg time="2025-04-28T10:02:05.955776" level="INFO">Typing text 'standard_user' into text field 'name:user-name'.</msg>
<arg>${USERNAME_INPUT}</arg>
<arg>${USERNAME}</arg>
<doc>Types the given ``text`` into the text field identified by ``locator``.</doc>
<status status="PASS" start="2025-04-28T10:02:05.955627" elapsed="0.046203"/>
</kw>
<kw name="Input Password" owner="SeleniumLibrary">
<msg time="2025-04-28T10:02:06.002188" level="INFO">Typing password into text field 'xpath://input[@id='password']'.</msg>
<msg time="2025-04-28T10:02:06.018190" level="INFO">Temporally setting log level to: NONE</msg>
<arg>${PASSWORD_INPUT}</arg>
<arg>${PASSWORD}</arg>
<doc>Types the given password into the text field identified by ``locator``.</doc>
<status status="PASS" start="2025-04-28T10:02:06.001988" elapsed="0.039387"/>
</kw>
<kw name="Click Element" owner="SeleniumLibrary">
<msg time="2025-04-28T10:02:06.041684" level="INFO">Clicking element 'id:login-button'.</msg>
<arg>${LOGIN_BUTTON}</arg>
<doc>Click the element identified by ``locator``.</doc>
<status status="PASS" start="2025-04-28T10:02:06.041526" elapsed="0.034624"/>
</kw>
<arg>${USERNAME}</arg>
<arg>${PASSWORD}</arg>
<status status="PASS" start="2025-04-28T10:02:05.955420" elapsed="0.120822"/>
</kw>
<kw name="Wait Until Element Contains" owner="SeleniumLibrary">
<arg>xpath://*[@data-test='error']</arg>
<arg>Epic sadface:</arg>
<doc>Waits until the element ``locator`` contains ``text``.</doc>
<status status="PASS" start="2025-04-28T10:02:06.076355" elapsed="0.008482"/>
</kw>
<kw name="Element Should Contain" owner="SeleniumLibrary">
<msg time="2025-04-28T10:02:06.093653" level="INFO">Element 'xpath://*[@data-test='error']' contains text 'Epic sadface:'.</msg>
<arg>xpath://*[@data-test='error']</arg>
<arg>Epic sadface:</arg>
<doc>Verifies that element ``locator`` contains text ``expected``.</doc>
<status status="PASS" start="2025-04-28T10:02:06.085001" elapsed="0.008727"/>
</kw>
<kw name="Get Error Message" owner="login_resources">
<kw name="Get Text" owner="SeleniumLibrary">
<msg time="2025-04-28T10:02:06.102229" level="INFO">${LOGIN_ERROR_MESSAGE} = Epic sadface: Username and password do not match any user in this service</msg>
<var>${LOGIN_ERROR_MESSAGE}</var>
<arg>xpath://*[@data-test='error']</arg>
<doc>Returns the text value of the element identified by ``locator``.</doc>
<status status="PASS" start="2025-04-28T10:02:06.094084" elapsed="0.008183"/>
</kw>
<return>
<value>${LOGIN_ERROR_MESSAGE}</value>
<status status="PASS" start="2025-04-28T10:02:06.102441" elapsed="0.000047"/>
</return>
<msg time="2025-04-28T10:02:06.102601" level="INFO">${ERROR_MESSAGE} = Epic sadface: Username and password do not match any user in this service</msg>
<var>${ERROR_MESSAGE}</var>
<status status="PASS" start="2025-04-28T10:02:06.093892" elapsed="0.008733"/>
</kw>
<kw name="Log" owner="BuiltIn">
<msg time="2025-04-28T10:02:06.102832" level="INFO">Epic sadface: Username and password do not match any user in this service</msg>
<arg>${ERROR_MESSAGE}</arg>
<doc>Logs the given message with the given level.</doc>
<status status="PASS" start="2025-04-28T10:02:06.102724" elapsed="0.000143"/>
</kw>
<kw name="Clear Login Inputs" owner="login_resources">
<kw name="Clear Element Text" owner="SeleniumLibrary">
<arg>${USERNAME_INPUT}</arg>
<doc>Clears the value of the text-input-element identified by ``locator``.</doc>
<status status="PASS" start="2025-04-28T10:02:06.103128" elapsed="0.016571"/>
</kw>
<kw name="Clear Element Text" owner="SeleniumLibrary">
<arg>${PASSWORD_INPUT}</arg>
<doc>Clears the value of the text-input-element identified by ``locator``.</doc>
<status status="PASS" start="2025-04-28T10:02:06.119855" elapsed="0.016961"/>
</kw>
<status status="PASS" start="2025-04-28T10:02:06.102972" elapsed="0.033947"/>
</kw>
<arg>${VALID_USERNAME}</arg>
<arg>${INVALID_PASSWORD}</arg>
<status status="PASS" start="2025-04-28T10:02:05.954428" elapsed="0.182539"/>
</kw>
<status status="PASS" start="2025-04-28T10:02:05.954141" elapsed="0.183081"/>
</test>
<test id="s1-s2-t3" name="Wrong user right password" line="29">
<kw name="Invalid Login">
<kw name="Set Selenium Timeout" owner="SeleniumLibrary">
<arg>10 seconds</arg>
<doc>Sets the timeout that is used by various keywords.</doc>
<status status="PASS" start="2025-04-28T10:02:06.138210" elapsed="0.000680"/>
</kw>
<kw name="Login To Application" owner="login_resources">
<kw name="Input Text" owner="SeleniumLibrary">
<msg time="2025-04-28T10:02:06.139357" level="INFO">Typing text 'test' into text field 'name:user-name'.</msg>
<arg>${USERNAME_INPUT}</arg>
<arg>${USERNAME}</arg>
<doc>Types the given ``text`` into the text field identified by ``locator``.</doc>
<status status="PASS" start="2025-04-28T10:02:06.139212" elapsed="0.041609"/>
</kw>
<kw name="Input Password" owner="SeleniumLibrary">
<msg time="2025-04-28T10:02:06.181159" level="INFO">Typing password into text field 'xpath://input[@id='password']'.</msg>
<msg time="2025-04-28T10:02:06.197836" level="INFO">Temporally setting log level to: NONE</msg>
<arg>${PASSWORD_INPUT}</arg>
<arg>${PASSWORD}</arg>
<doc>Types the given password into the text field identified by ``locator``.</doc>
<status status="PASS" start="2025-04-28T10:02:06.180969" elapsed="0.046456"/>
</kw>
<kw name="Click Element" owner="SeleniumLibrary">
<msg time="2025-04-28T10:02:06.227725" level="INFO">Clicking element 'id:login-button'.</msg>
<arg>${LOGIN_BUTTON}</arg>
<doc>Click the element identified by ``locator``.</doc>
<status status="PASS" start="2025-04-28T10:02:06.227569" elapsed="0.032214"/>
</kw>
<arg>${USERNAME}</arg>
<arg>${PASSWORD}</arg>
<status status="PASS" start="2025-04-28T10:02:06.139006" elapsed="0.120877"/>
</kw>
<kw name="Wait Until Element Contains" owner="SeleniumLibrary">
<arg>xpath://*[@data-test='error']</arg>
<arg>Epic sadface:</arg>
<doc>Waits until the element ``locator`` contains ``text``.</doc>
<status status="PASS" start="2025-04-28T10:02:06.260011" elapsed="0.008619"/>
</kw>
<kw name="Element Should Contain" owner="SeleniumLibrary">
<msg time="2025-04-28T10:02:06.276611" level="INFO">Element 'xpath://*[@data-test='error']' contains text 'Epic sadface:'.</msg>
<arg>xpath://*[@data-test='error']</arg>
<arg>Epic sadface:</arg>
<doc>Verifies that element ``locator`` contains text ``expected``.</doc>
<status status="PASS" start="2025-04-28T10:02:06.268775" elapsed="0.007904"/>
</kw>
<kw name="Get Error Message" owner="login_resources">
<kw name="Get Text" owner="SeleniumLibrary">
<msg time="2025-04-28T10:02:06.284846" level="INFO">${LOGIN_ERROR_MESSAGE} = Epic sadface: Username and password do not match any user in this service</msg>
<var>${LOGIN_ERROR_MESSAGE}</var>
<arg>xpath://*[@data-test='error']</arg>
<doc>Returns the text value of the element identified by ``locator``.</doc>
<status status="PASS" start="2025-04-28T10:02:06.277027" elapsed="0.007856"/>
</kw>
<return>
<value>${LOGIN_ERROR_MESSAGE}</value>
<status status="PASS" start="2025-04-28T10:02:06.284946" elapsed="0.000042"/>
</return>
<msg time="2025-04-28T10:02:06.285098" level="INFO">${ERROR_MESSAGE} = Epic sadface: Username and password do not match any user in this service</msg>
<var>${ERROR_MESSAGE}</var>
<status status="PASS" start="2025-04-28T10:02:06.276833" elapsed="0.008288"/>
</kw>
<kw name="Log" owner="BuiltIn">
<msg time="2025-04-28T10:02:06.285327" level="INFO">Epic sadface: Username and password do not match any user in this service</msg>
<arg>${ERROR_MESSAGE}</arg>
<doc>Logs the given message with the given level.</doc>
<status status="PASS" start="2025-04-28T10:02:06.285220" elapsed="0.000143"/>
</kw>
<kw name="Clear Login Inputs" owner="login_resources">
<kw name="Clear Element Text" owner="SeleniumLibrary">
<arg>${USERNAME_INPUT}</arg>
<doc>Clears the value of the text-input-element identified by ``locator``.</doc>
<status status="PASS" start="2025-04-28T10:02:06.285618" elapsed="0.016612"/>
</kw>
<kw name="Clear Element Text" owner="SeleniumLibrary">
<arg>${PASSWORD_INPUT}</arg>
<doc>Clears the value of the text-input-element identified by ``locator``.</doc>
<status status="PASS" start="2025-04-28T10:02:06.302403" elapsed="0.017422"/>
</kw>
<status status="PASS" start="2025-04-28T10:02:06.285467" elapsed="0.034463"/>
</kw>
<arg>${INVALID_USERNAME}</arg>
<arg>${VALID_PASSWORD}</arg>
<status status="PASS" start="2025-04-28T10:02:06.137949" elapsed="0.182042"/>
</kw>
<status status="PASS" start="2025-04-28T10:02:06.137577" elapsed="0.182703"/>
</test>
<test id="s1-s2-t4" name="Wrong user empty password" line="30">
<kw name="Invalid Login">
<kw name="Set Selenium Timeout" owner="SeleniumLibrary">
<arg>10 seconds</arg>
<doc>Sets the timeout that is used by various keywords.</doc>
<status status="PASS" start="2025-04-28T10:02:06.321558" elapsed="0.000754"/>
</kw>
<kw name="Login To Application" owner="login_resources">
<kw name="Input Text" owner="SeleniumLibrary">
<msg time="2025-04-28T10:02:06.322785" level="INFO">Typing text 'test' into text field 'name:user-name'.</msg>
<arg>${USERNAME_INPUT}</arg>
<arg>${USERNAME}</arg>
<doc>Types the given ``text`` into the text field identified by ``locator``.</doc>
<status status="PASS" start="2025-04-28T10:02:06.322641" elapsed="0.040645"/>
</kw>
<kw name="Input Password" owner="SeleniumLibrary">
<msg time="2025-04-28T10:02:06.363621" level="INFO">Typing password into text field 'xpath://input[@id='password']'.</msg>
<msg time="2025-04-28T10:02:06.380821" level="INFO">Temporally setting log level to: NONE</msg>
<arg>${PASSWORD_INPUT}</arg>
<arg>${PASSWORD}</arg>
<doc>Types the given password into the text field identified by ``locator``.</doc>
<status status="PASS" start="2025-04-28T10:02:06.363431" elapsed="0.038100"/>
</kw>
<kw name="Click Element" owner="SeleniumLibrary">
<msg time="2025-04-28T10:02:06.401829" level="INFO">Clicking element 'id:login-button'.</msg>
<arg>${LOGIN_BUTTON}</arg>
<doc>Click the element identified by ``locator``.</doc>
<status status="PASS" start="2025-04-28T10:02:06.401672" elapsed="0.032544"/>
</kw>
<arg>${USERNAME}</arg>
<arg>${PASSWORD}</arg>
<status status="PASS" start="2025-04-28T10:02:06.322433" elapsed="0.111917"/>
</kw>
<kw name="Wait Until Element Contains" owner="SeleniumLibrary">
<arg>xpath://*[@data-test='error']</arg>
<arg>Epic sadface:</arg>
<doc>Waits until the element ``locator`` contains ``text``.</doc>
<status status="PASS" start="2025-04-28T10:02:06.434505" elapsed="0.010464"/>
</kw>
<kw name="Element Should Contain" owner="SeleniumLibrary">
<msg time="2025-04-28T10:02:06.453028" level="INFO">Element 'xpath://*[@data-test='error']' contains text 'Epic sadface:'.</msg>
<arg>xpath://*[@data-test='error']</arg>
<arg>Epic sadface:</arg>
<doc>Verifies that element ``locator`` contains text ``expected``.</doc>
<status status="PASS" start="2025-04-28T10:02:06.445201" elapsed="0.007894"/>
</kw>
<kw name="Get Error Message" owner="login_resources">
<kw name="Get Text" owner="SeleniumLibrary">
<msg time="2025-04-28T10:02:06.461210" level="INFO">${LOGIN_ERROR_MESSAGE} = Epic sadface: Username and password do not match any user in this service</msg>
<var>${LOGIN_ERROR_MESSAGE}</var>
<arg>xpath://*[@data-test='error']</arg>
<doc>Returns the text value of the element identified by ``locator``.</doc>
<status status="PASS" start="2025-04-28T10:02:06.453433" elapsed="0.007812"/>
</kw>
<return>
<value>${LOGIN_ERROR_MESSAGE}</value>
<status status="PASS" start="2025-04-28T10:02:06.461309" elapsed="0.000040"/>
</return>
<msg time="2025-04-28T10:02:06.461456" level="INFO">${ERROR_MESSAGE} = Epic sadface: Username and password do not match any user in this service</msg>
<var>${ERROR_MESSAGE}</var>
<status status="PASS" start="2025-04-28T10:02:06.453248" elapsed="0.008230"/>
</kw>
<kw name="Log" owner="BuiltIn">
<msg time="2025-04-28T10:02:06.461680" level="INFO">Epic sadface: Username and password do not match any user in this service</msg>
<arg>${ERROR_MESSAGE}</arg>
<doc>Logs the given message with the given level.</doc>
<status status="PASS" start="2025-04-28T10:02:06.461572" elapsed="0.000144"/>
</kw>
<kw name="Clear Login Inputs" owner="login_resources">
<kw name="Clear Element Text" owner="SeleniumLibrary">
<arg>${USERNAME_INPUT}</arg>
<doc>Clears the value of the text-input-element identified by ``locator``.</doc>
<status status="PASS" start="2025-04-28T10:02:06.461968" elapsed="0.016813"/>
</kw>
<kw name="Clear Element Text" owner="SeleniumLibrary">
<arg>${PASSWORD_INPUT}</arg>
<doc>Clears the value of the text-input-element identified by ``locator``.</doc>
<status status="PASS" start="2025-04-28T10:02:06.478940" elapsed="0.015549"/>
</kw>
<status status="PASS" start="2025-04-28T10:02:06.461819" elapsed="0.032764"/>
</kw>
<arg>${INVALID_USERNAME}</arg>
<arg>${EMPTY}</arg>
<status status="PASS" start="2025-04-28T10:02:06.321029" elapsed="0.173601"/>
</kw>
<status status="PASS" start="2025-04-28T10:02:06.320638" elapsed="0.174174"/>
</test>
<test id="s1-s2-t5" name="Wrong user wrong password" line="31">
<kw name="Invalid Login">
<kw name="Set Selenium Timeout" owner="SeleniumLibrary">
<arg>10 seconds</arg>
<doc>Sets the timeout that is used by various keywords.</doc>
<status status="PASS" start="2025-04-28T10:02:06.495667" elapsed="0.000656"/>
</kw>
<kw name="Login To Application" owner="login_resources">
<kw name="Input Text" owner="SeleniumLibrary">
<msg time="2025-04-28T10:02:06.496787" level="INFO">Typing text 'test' into text field 'name:user-name'.</msg>
<arg>${USERNAME_INPUT}</arg>
<arg>${USERNAME}</arg>
<doc>Types the given ``text`` into the text field identified by ``locator``.</doc>
<status status="PASS" start="2025-04-28T10:02:06.496642" elapsed="0.039053"/>
</kw>
<kw name="Input Password" owner="SeleniumLibrary">
<msg time="2025-04-28T10:02:06.536039" level="INFO">Typing password into text field 'xpath://input[@id='password']'.</msg>
<msg time="2025-04-28T10:02:06.552444" level="INFO">Temporally setting log level to: NONE</msg>
<arg>${PASSWORD_INPUT}</arg>
<arg>${PASSWORD}</arg>
<doc>Types the given password into the text field identified by ``locator``.</doc>
<status status="PASS" start="2025-04-28T10:02:06.535843" elapsed="0.040454"/>
</kw>
<kw name="Click Element" owner="SeleniumLibrary">
<msg time="2025-04-28T10:02:06.576594" level="INFO">Clicking element 'id:login-button'.</msg>
<arg>${LOGIN_BUTTON}</arg>
<doc>Click the element identified by ``locator``.</doc>
<status status="PASS" start="2025-04-28T10:02:06.576439" elapsed="0.031176"/>
</kw>
<arg>${USERNAME}</arg>
<arg>${PASSWORD}</arg>
<status status="PASS" start="2025-04-28T10:02:06.496436" elapsed="0.111275"/>
</kw>
<kw name="Wait Until Element Contains" owner="SeleniumLibrary">
<arg>xpath://*[@data-test='error']</arg>
<arg>Epic sadface:</arg>
<doc>Waits until the element ``locator`` contains ``text``.</doc>
<status status="PASS" start="2025-04-28T10:02:06.607826" elapsed="0.008281"/>
</kw>
<kw name="Element Should Contain" owner="SeleniumLibrary">
<msg time="2025-04-28T10:02:06.624571" level="INFO">Element 'xpath://*[@data-test='error']' contains text 'Epic sadface:'.</msg>
<arg>xpath://*[@data-test='error']</arg>
<arg>Epic sadface:</arg>
<doc>Verifies that element ``locator`` contains text ``expected``.</doc>
<status status="PASS" start="2025-04-28T10:02:06.616245" elapsed="0.008398"/>
</kw>
<kw name="Get Error Message" owner="login_resources">
<kw name="Get Text" owner="SeleniumLibrary">
<msg time="2025-04-28T10:02:06.632885" level="INFO">${LOGIN_ERROR_MESSAGE} = Epic sadface: Username and password do not match any user in this service</msg>
<var>${LOGIN_ERROR_MESSAGE}</var>
<arg>xpath://*[@data-test='error']</arg>
<doc>Returns the text value of the element identified by ``locator``.</doc>
<status status="PASS" start="2025-04-28T10:02:06.624999" elapsed="0.007919"/>
</kw>
<return>
<value>${LOGIN_ERROR_MESSAGE}</value>
<status status="PASS" start="2025-04-28T10:02:06.632983" elapsed="0.000037"/>
</return>
<msg time="2025-04-28T10:02:06.633126" level="INFO">${ERROR_MESSAGE} = Epic sadface: Username and password do not match any user in this service</msg>
<var>${ERROR_MESSAGE}</var>
<status status="PASS" start="2025-04-28T10:02:06.624806" elapsed="0.008343"/>
</kw>
<kw name="Log" owner="BuiltIn">
<msg time="2025-04-28T10:02:06.633360" level="INFO">Epic sadface: Username and password do not match any user in this service</msg>
<arg>${ERROR_MESSAGE}</arg>
<doc>Logs the given message with the given level.</doc>
<status status="PASS" start="2025-04-28T10:02:06.633254" elapsed="0.000141"/>
</kw>
<kw name="Clear Login Inputs" owner="login_resources">
<kw name="Clear Element Text" owner="SeleniumLibrary">
<arg>${USERNAME_INPUT}</arg>
<doc>Clears the value of the text-input-element identified by ``locator``.</doc>
<status status="PASS" start="2025-04-28T10:02:06.633652" elapsed="0.016475"/>
</kw>
<kw name="Clear Element Text" owner="SeleniumLibrary">
<arg>${PASSWORD_INPUT}</arg>
<doc>Clears the value of the text-input-element identified by ``locator``.</doc>
<status status="PASS" start="2025-04-28T10:02:06.650316" elapsed="0.016688"/>
</kw>
<status status="PASS" start="2025-04-28T10:02:06.633497" elapsed="0.033607"/>
</kw>
<arg>${INVALID_USERNAME}</arg>
<arg>${INVALID_PASSWORD}</arg>
<status status="PASS" start="2025-04-28T10:02:06.495429" elapsed="0.171723"/>
</kw>
<status status="PASS" start="2025-04-28T10:02:06.495104" elapsed="0.172238"/>
</test>
<kw name="Close All Browsers" owner="SeleniumLibrary" type="TEARDOWN">
<doc>Closes all open browsers and resets the browser cache.</doc>
<status status="PASS" start="2025-04-28T10:02:06.667835" elapsed="2.109682"/>
</kw>
<status status="PASS" start="2025-04-28T10:02:04.117269" elapsed="4.660334"/>
</suite>
<suite id="s1-s3" name="TestCase1" source="C:\Users\danitc\PycharmProjects\RobotFrameworkTestProject\Tests\TestCase1.robot">
<test id="s1-s3-t1" name="TEST" line="8">
<kw name="Log" owner="BuiltIn">
<msg time="2025-04-28T10:02:08.787389" level="INFO">my test variable</msg>
<arg>${MY-VARIABLE}</arg>
<doc>Logs the given message with the given level.</doc>
<status status="PASS" start="2025-04-28T10:02:08.787281" elapsed="0.000146"/>
</kw>
<kw name="Log" owner="BuiltIn">
<msg time="2025-04-28T10:02:08.787644" level="INFO">test3</msg>
<arg>${LIST}[2]</arg>
<doc>Logs the given message with the given level.</doc>
<status status="PASS" start="2025-04-28T10:02:08.787554" elapsed="0.000121"/>
</kw>
<kw name="Log My Specific Username and Password" owner="resources">
<kw name="Log" owner="BuiltIn">
<msg time="2025-04-28T10:02:08.788178" level="INFO">testUser</msg>
<arg>${USERNAME}</arg>
<doc>Logs the given message with the given level.</doc>
<status status="PASS" start="2025-04-28T10:02:08.788102" elapsed="0.000107"/>
</kw>
<kw name="Log" owner="BuiltIn">
<msg time="2025-04-28T10:02:08.788350" level="INFO">demo</msg>
<arg>${PASSWORD}</arg>
<doc>Logs the given message with the given level.</doc>
<status status="PASS" start="2025-04-28T10:02:08.788273" elapsed="0.000108"/>
</kw>
<arg>${DICTIONARY}[username]</arg>
<arg>${DICTIONARY}[password]</arg>
<status status="PASS" start="2025-04-28T10:02:08.787885" elapsed="0.000536"/>
</kw>
<tag>demo</tag>
<tag>demo2</tag>
<status status="PASS" start="2025-04-28T10:02:08.786956" elapsed="0.001571"/>
</test>
<doc>This is my first test case</doc>
<status status="PASS" start="2025-04-28T10:02:08.778418" elapsed="0.010390"/>
</suite>
<suite id="s1-s4" name="TestCase2" source="C:\Users\danitc\PycharmProjects\RobotFrameworkTestProject\Tests\TestCase2.robot">
<test id="s1-s4-t1" name="SECONDTEST" line="5">
<kw name="Log My Specific Username and Password" owner="resources">
<kw name="Log" owner="BuiltIn">
<msg time="2025-04-28T10:02:08.791728" level="INFO">testUser2</msg>
<arg>${USERNAME}</arg>
<doc>Logs the given message with the given level.</doc>
<status status="PASS" start="2025-04-28T10:02:08.791648" elapsed="0.000113"/>
</kw>
<kw name="Log" owner="BuiltIn">
<msg time="2025-04-28T10:02:08.791901" level="INFO">demo2</msg>
<arg>${PASSWORD}</arg>
<doc>Logs the given message with the given level.</doc>
<status status="PASS" start="2025-04-28T10:02:08.791827" elapsed="0.000102"/>
</kw>
<arg>${DICTIONARY2}[username]</arg>
<arg>${DICTIONARY2}[password]</arg>
<status status="PASS" start="2025-04-28T10:02:08.791433" elapsed="0.000535"/>
</kw>
<tag>demo2</tag>
<status status="PASS" start="2025-04-28T10:02:08.791091" elapsed="0.000988"/>
</test>
<status status="PASS" start="2025-04-28T10:02:08.789231" elapsed="0.003188"/>
</suite>
<status status="PASS" start="2025-04-28T10:01:52.468088" elapsed="16.324877"/>
</suite>
<statistics>
<total>
<stat pass="8" fail="0" skip="0">All Tests</stat>
</total>
<tag>
<stat pass="1" fail="0" skip="0">demo</stat>
<stat pass="2" fail="0" skip="0">demo2</stat>
</tag>
<suite>
<stat name="SeleniumTC1 &amp; SeleniumTestTemplate &amp; TestCase1 &amp; TestCase2" id="s1" pass="8" fail="0" skip="0">SeleniumTC1 &amp; SeleniumTestTemplate &amp; TestCase1 &amp; TestCase2</stat>
<stat name="SeleniumTC1" id="s1-s1" pass="1" fail="0" skip="0">SeleniumTC1 &amp; SeleniumTestTemplate &amp; TestCase1 &amp; TestCase2.SeleniumTC1</stat>
<stat name="SeleniumTestTemplate" id="s1-s2" pass="5" fail="0" skip="0">SeleniumTC1 &amp; SeleniumTestTemplate &amp; TestCase1 &amp; TestCase2.SeleniumTestTemplate</stat>
<stat name="TestCase1" id="s1-s3" pass="1" fail="0" skip="0">SeleniumTC1 &amp; SeleniumTestTemplate &amp; TestCase1 &amp; TestCase2.TestCase1</stat>
<stat name="TestCase2" id="s1-s4" pass="1" fail="0" skip="0">SeleniumTC1 &amp; SeleniumTestTemplate &amp; TestCase1 &amp; TestCase2.TestCase2</stat>
</suite>
</statistics>
<errors>
</errors>
</robot>
