<?xml version="1.0" encoding="UTF-8"?>
<robot generator="Robot 7.2.2 (Python 3.13.3 on win32)" generated="2025-04-28T15:36:22.399526" rpa="false" schemaversion="5">
<suite id="s1" name="Suites">
<suite id="s1-s1" name="SeleniumTestTemplate" source="C:\Users\danitc\PycharmProjects\RobotFrameworkTestProject\Tests\SeleniumTestTemplate.robot">
<kw name="Open My Browser" owner="login_resources" type="SETUP">
<kw name="Open Browser" owner="SeleniumLibrary">
<msg time="2025-04-28T15:36:22.623037" level="INFO">Opening browser 'headlesschrome' to base url 'https://www.saucedemo.com'.</msg>
<arg>${URL}</arg>
<arg>${BROWSER}</arg>
<doc>Opens a new browser instance to the optional ``url``.</doc>
<status status="PASS" start="2025-04-28T15:36:22.622793" elapsed="1.670208"/>
</kw>
<kw name="Maximize Browser Window" owner="SeleniumLibrary">
<doc>Maximizes current browser window.</doc>
<status status="PASS" start="2025-04-28T15:36:24.293211" elapsed="0.024082"/>
</kw>
<status status="PASS" start="2025-04-28T15:36:22.622237" elapsed="1.695247"/>
</kw>
<test id="s1-s1-t1" name="Right user empty password" line="27">
<kw name="Invalid Login">
<kw name="Set Selenium Timeout" owner="SeleniumLibrary">
<arg>10 seconds</arg>
<doc>Sets the timeout that is used by various keywords.</doc>
<status status="PASS" start="2025-04-28T15:36:24.319255" elapsed="0.001240"/>
</kw>
<kw name="Login To Application" owner="login_resources">
<kw name="Input Text" owner="SeleniumLibrary">
<msg time="2025-04-28T15:36:24.321712" level="INFO">Typing text 'standard_user' into text field 'name:user-name'.</msg>
<arg>${USERNAME_INPUT}</arg>
<arg>${USERNAME}</arg>
<doc>Types the given ``text`` into the text field identified by ``locator``.</doc>
<status status="PASS" start="2025-04-28T15:36:24.321248" elapsed="0.091750"/>
</kw>
<kw name="Input Password" owner="SeleniumLibrary">
<msg time="2025-04-28T15:36:24.413528" level="INFO">Typing password into text field 'xpath://input[@id='password']'.</msg>
<msg time="2025-04-28T15:36:24.441593" level="INFO">Temporally setting log level to: NONE</msg>
<arg>${PASSWORD_INPUT}</arg>
<arg>${PASSWORD}</arg>
<doc>Types the given password into the text field identified by ``locator``.</doc>
<status status="PASS" start="2025-04-28T15:36:24.413174" elapsed="0.055265"/>
</kw>
<kw name="Click Element" owner="SeleniumLibrary">
<msg time="2025-04-28T15:36:24.469114" level="INFO">Clicking element 'id:login-button'.</msg>
<arg>${LOGIN_BUTTON}</arg>
<doc>Click the element identified by ``locator``.</doc>
<status status="PASS" start="2025-04-28T15:36:24.468662" elapsed="0.053542"/>
</kw>
<arg>${USERNAME}</arg>
<arg>${PASSWORD}</arg>
<status status="PASS" start="2025-04-28T15:36:24.320731" elapsed="0.201618"/>
</kw>
<kw name="Wait Until Element Contains" owner="SeleniumLibrary">
<arg>xpath://*[@data-test='error']</arg>
<arg>Epic sadface:</arg>
<doc>Waits until the element ``locator`` contains ``text``.</doc>
<status status="PASS" start="2025-04-28T15:36:24.522481" elapsed="0.016676"/>
</kw>
<kw name="Element Should Contain" owner="SeleniumLibrary">
<msg time="2025-04-28T15:36:24.549297" level="INFO">Element 'xpath://*[@data-test='error']' contains text 'Epic sadface:'.</msg>
<arg>xpath://*[@data-test='error']</arg>
<arg>Epic sadface:</arg>
<doc>Verifies that element ``locator`` contains text ``expected``.</doc>
<status status="PASS" start="2025-04-28T15:36:24.539337" elapsed="0.010050"/>
</kw>
<kw name="Get Error Message" owner="login_resources">
<kw name="Get Text" owner="SeleniumLibrary">
<msg time="2025-04-28T15:36:24.558885" level="INFO">${LOGIN_ERROR_MESSAGE} = Epic sadface: Password is required</msg>
<var>${LOGIN_ERROR_MESSAGE}</var>
<arg>xpath://*[@data-test='error']</arg>
<doc>Returns the text value of the element identified by ``locator``.</doc>
<status status="PASS" start="2025-04-28T15:36:24.549899" elapsed="0.009030"/>
</kw>
<return>
<value>${LOGIN_ERROR_MESSAGE}</value>
<status status="PASS" start="2025-04-28T15:36:24.559016" elapsed="0.000173"/>
</return>
<msg time="2025-04-28T15:36:24.559352" level="INFO">${ERROR_MESSAGE} = Epic sadface: Password is required</msg>
<var>${ERROR_MESSAGE}</var>
<status status="PASS" start="2025-04-28T15:36:24.549580" elapsed="0.009800"/>
</kw>
<kw name="Log" owner="BuiltIn">
<msg time="2025-04-28T15:36:24.559671" level="INFO">Epic sadface: Password is required</msg>
<arg>${ERROR_MESSAGE}</arg>
<doc>Logs the given message with the given level.</doc>
<status status="PASS" start="2025-04-28T15:36:24.559496" elapsed="0.000219"/>
</kw>
<kw name="Clear Login Inputs" owner="login_resources">
<kw name="Clear Element Text" owner="SeleniumLibrary">
<arg>${USERNAME_INPUT}</arg>
<doc>Clears the value of the text-input-element identified by ``locator``.</doc>
<status status="PASS" start="2025-04-28T15:36:24.560057" elapsed="0.019399"/>
</kw>
<kw name="Clear Element Text" owner="SeleniumLibrary">
<arg>${PASSWORD_INPUT}</arg>
<doc>Clears the value of the text-input-element identified by ``locator``.</doc>
<status status="PASS" start="2025-04-28T15:36:24.579612" elapsed="0.015807"/>
</kw>
<status status="PASS" start="2025-04-28T15:36:24.559837" elapsed="0.035686"/>
</kw>
<arg>${VALID_USERNAME}</arg>
<arg>${EMPTY}</arg>
<status status="PASS" start="2025-04-28T15:36:24.318261" elapsed="0.277318"/>
</kw>
<status status="PASS" start="2025-04-28T15:36:24.317672" elapsed="0.278025"/>
</test>
<test id="s1-s1-t2" name="Right user wrong password" line="28">
<kw name="Invalid Login">
<kw name="Set Selenium Timeout" owner="SeleniumLibrary">
<arg>10 seconds</arg>
<doc>Sets the timeout that is used by various keywords.</doc>
<status status="PASS" start="2025-04-28T15:36:24.596718" elapsed="0.000688"/>
</kw>
<kw name="Login To Application" owner="login_resources">
<kw name="Input Text" owner="SeleniumLibrary">
<msg time="2025-04-28T15:36:24.598013" level="INFO">Typing text 'standard_user' into text field 'name:user-name'.</msg>
<arg>${USERNAME_INPUT}</arg>
<arg>${USERNAME}</arg>
<doc>Types the given ``text`` into the text field identified by ``locator``.</doc>
<status status="PASS" start="2025-04-28T15:36:24.597793" elapsed="0.044975"/>
</kw>
<kw name="Input Password" owner="SeleniumLibrary">
<msg time="2025-04-28T15:36:24.643239" level="INFO">Typing password into text field 'xpath://input[@id='password']'.</msg>
<msg time="2025-04-28T15:36:24.662645" level="INFO">Temporally setting log level to: NONE</msg>
<arg>${PASSWORD_INPUT}</arg>
<arg>${PASSWORD}</arg>
<doc>Types the given password into the text field identified by ``locator``.</doc>
<status status="PASS" start="2025-04-28T15:36:24.642926" elapsed="0.042678"/>
</kw>
<kw name="Click Element" owner="SeleniumLibrary">
<msg time="2025-04-28T15:36:24.686042" level="INFO">Clicking element 'id:login-button'.</msg>
<arg>${LOGIN_BUTTON}</arg>
<doc>Click the element identified by ``locator``.</doc>
<status status="PASS" start="2025-04-28T15:36:24.685768" elapsed="0.035327"/>
</kw>
<arg>${USERNAME}</arg>
<arg>${PASSWORD}</arg>
<status status="PASS" start="2025-04-28T15:36:24.597525" elapsed="0.123673"/>
</kw>
<kw name="Wait Until Element Contains" owner="SeleniumLibrary">
<arg>xpath://*[@data-test='error']</arg>
<arg>Epic sadface:</arg>
<doc>Waits until the element ``locator`` contains ``text``.</doc>
<status status="PASS" start="2025-04-28T15:36:24.721327" elapsed="0.008486"/>
</kw>
<kw name="Element Should Contain" owner="SeleniumLibrary">
<msg time="2025-04-28T15:36:24.738465" level="INFO">Element 'xpath://*[@data-test='error']' contains text 'Epic sadface:'.</msg>
<arg>xpath://*[@data-test='error']</arg>
<arg>Epic sadface:</arg>
<doc>Verifies that element ``locator`` contains text ``expected``.</doc>
<status status="PASS" start="2025-04-28T15:36:24.729960" elapsed="0.008586"/>
</kw>
<kw name="Get Error Message" owner="login_resources">
<kw name="Get Text" owner="SeleniumLibrary">
<msg time="2025-04-28T15:36:24.747434" level="INFO">${LOGIN_ERROR_MESSAGE} = Epic sadface: Username and password do not match any user in this service</msg>
<var>${LOGIN_ERROR_MESSAGE}</var>
<arg>xpath://*[@data-test='error']</arg>
<doc>Returns the text value of the element identified by ``locator``.</doc>
<status status="PASS" start="2025-04-28T15:36:24.739035" elapsed="0.008440"/>
</kw>
<return>
<value>${LOGIN_ERROR_MESSAGE}</value>
<status status="PASS" start="2025-04-28T15:36:24.747701" elapsed="0.000139"/>
</return>
<msg time="2025-04-28T15:36:24.747975" level="INFO">${ERROR_MESSAGE} = Epic sadface: Username and password do not match any user in this service</msg>
<var>${ERROR_MESSAGE}</var>
<status status="PASS" start="2025-04-28T15:36:24.738729" elapsed="0.009274"/>
</kw>
<kw name="Log" owner="BuiltIn">
<msg time="2025-04-28T15:36:24.748288" level="INFO">Epic sadface: Username and password do not match any user in this service</msg>
<arg>${ERROR_MESSAGE}</arg>
<doc>Logs the given message with the given level.</doc>
<status status="PASS" start="2025-04-28T15:36:24.748117" elapsed="0.000216"/>
</kw>
<kw name="Clear Login Inputs" owner="login_resources">
<kw name="Clear Element Text" owner="SeleniumLibrary">
<arg>${USERNAME_INPUT}</arg>
<doc>Clears the value of the text-input-element identified by ``locator``.</doc>
<status status="PASS" start="2025-04-28T15:36:24.748673" elapsed="0.017968"/>
</kw>
<kw name="Clear Element Text" owner="SeleniumLibrary">
<arg>${PASSWORD_INPUT}</arg>
<doc>Clears the value of the text-input-element identified by ``locator``.</doc>
<status status="PASS" start="2025-04-28T15:36:24.766795" elapsed="0.016511"/>
</kw>
<status status="PASS" start="2025-04-28T15:36:24.748459" elapsed="0.034964"/>
</kw>
<arg>${VALID_USERNAME}</arg>
<arg>${INVALID_PASSWORD}</arg>
<status status="PASS" start="2025-04-28T15:36:24.596380" elapsed="0.187101"/>
</kw>
<status status="PASS" start="2025-04-28T15:36:24.595953" elapsed="0.187645"/>
</test>
<test id="s1-s1-t3" name="Wrong user right password" line="29">
<kw name="Invalid Login">
<kw name="Set Selenium Timeout" owner="SeleniumLibrary">
<arg>10 seconds</arg>
<doc>Sets the timeout that is used by various keywords.</doc>
<status status="PASS" start="2025-04-28T15:36:24.784415" elapsed="0.000701"/>
</kw>
<kw name="Login To Application" owner="login_resources">
<kw name="Input Text" owner="SeleniumLibrary">
<msg time="2025-04-28T15:36:24.785702" level="INFO">Typing text 'test' into text field 'name:user-name'.</msg>
<arg>${USERNAME_INPUT}</arg>
<arg>${USERNAME}</arg>
<doc>Types the given ``text`` into the text field identified by ``locator``.</doc>
<status status="PASS" start="2025-04-28T15:36:24.785504" elapsed="0.037274"/>
</kw>
<kw name="Input Password" owner="SeleniumLibrary">
<msg time="2025-04-28T15:36:24.823237" level="INFO">Typing password into text field 'xpath://input[@id='password']'.</msg>
<msg time="2025-04-28T15:36:24.840095" level="INFO">Temporally setting log level to: NONE</msg>
<arg>${PASSWORD_INPUT}</arg>
<arg>${PASSWORD}</arg>
<doc>Types the given password into the text field identified by ``locator``.</doc>
<status status="PASS" start="2025-04-28T15:36:24.822934" elapsed="0.044840"/>
</kw>
<kw name="Click Element" owner="SeleniumLibrary">
<msg time="2025-04-28T15:36:24.868194" level="INFO">Clicking element 'id:login-button'.</msg>
<arg>${LOGIN_BUTTON}</arg>
<doc>Click the element identified by ``locator``.</doc>
<status status="PASS" start="2025-04-28T15:36:24.867926" elapsed="0.031225"/>
</kw>
<arg>${USERNAME}</arg>
<arg>${PASSWORD}</arg>
<status status="PASS" start="2025-04-28T15:36:24.785233" elapsed="0.114022"/>
</kw>
<kw name="Wait Until Element Contains" owner="SeleniumLibrary">
<arg>xpath://*[@data-test='error']</arg>
<arg>Epic sadface:</arg>
<doc>Waits until the element ``locator`` contains ``text``.</doc>
<status status="PASS" start="2025-04-28T15:36:24.899379" elapsed="0.008673"/>
</kw>
<kw name="Element Should Contain" owner="SeleniumLibrary">
<msg time="2025-04-28T15:36:24.916924" level="INFO">Element 'xpath://*[@data-test='error']' contains text 'Epic sadface:'.</msg>
<arg>xpath://*[@data-test='error']</arg>
<arg>Epic sadface:</arg>
<doc>Verifies that element ``locator`` contains text ``expected``.</doc>
<status status="PASS" start="2025-04-28T15:36:24.908193" elapsed="0.008816"/>
</kw>
<kw name="Get Error Message" owner="login_resources">
<kw name="Get Text" owner="SeleniumLibrary">
<msg time="2025-04-28T15:36:24.925400" level="INFO">${LOGIN_ERROR_MESSAGE} = Epic sadface: Username and password do not match any user in this service</msg>
<var>${LOGIN_ERROR_MESSAGE}</var>
<arg>xpath://*[@data-test='error']</arg>
<doc>Returns the text value of the element identified by ``locator``.</doc>
<status status="PASS" start="2025-04-28T15:36:24.917489" elapsed="0.007947"/>
</kw>
<return>
<value>${LOGIN_ERROR_MESSAGE}</value>
<status status="PASS" start="2025-04-28T15:36:24.925506" elapsed="0.000125"/>
</return>
<msg time="2025-04-28T15:36:24.925755" level="INFO">${ERROR_MESSAGE} = Epic sadface: Username and password do not match any user in this service</msg>
<var>${ERROR_MESSAGE}</var>
<status status="PASS" start="2025-04-28T15:36:24.917189" elapsed="0.008592"/>
</kw>
<kw name="Log" owner="BuiltIn">
<msg time="2025-04-28T15:36:24.926045" level="INFO">Epic sadface: Username and password do not match any user in this service</msg>
<arg>${ERROR_MESSAGE}</arg>
<doc>Logs the given message with the given level.</doc>
<status status="PASS" start="2025-04-28T15:36:24.925882" elapsed="0.000204"/>
</kw>
<kw name="Clear Login Inputs" owner="login_resources">
<kw name="Clear Element Text" owner="SeleniumLibrary">
<arg>${USERNAME_INPUT}</arg>
<doc>Clears the value of the text-input-element identified by ``locator``.</doc>
<status status="PASS" start="2025-04-28T15:36:24.926411" elapsed="0.016314"/>
</kw>
<kw name="Clear Element Text" owner="SeleniumLibrary">
<arg>${PASSWORD_INPUT}</arg>
<doc>Clears the value of the text-input-element identified by ``locator``.</doc>
<status status="PASS" start="2025-04-28T15:36:24.942875" elapsed="0.016286"/>
</kw>
<status status="PASS" start="2025-04-28T15:36:24.926199" elapsed="0.033062"/>
</kw>
<arg>${INVALID_USERNAME}</arg>
<arg>${VALID_PASSWORD}</arg>
<status status="PASS" start="2025-04-28T15:36:24.784078" elapsed="0.175240"/>
</kw>
<status status="PASS" start="2025-04-28T15:36:24.783801" elapsed="0.175625"/>
</test>
<test id="s1-s1-t4" name="Wrong user empty password" line="30">
<kw name="Invalid Login">
<kw name="Set Selenium Timeout" owner="SeleniumLibrary">
<arg>10 seconds</arg>
<doc>Sets the timeout that is used by various keywords.</doc>
<status status="PASS" start="2025-04-28T15:36:24.960468" elapsed="0.000702"/>
</kw>
<kw name="Login To Application" owner="login_resources">
<kw name="Input Text" owner="SeleniumLibrary">
<msg time="2025-04-28T15:36:24.961759" level="INFO">Typing text 'test' into text field 'name:user-name'.</msg>
<arg>${USERNAME_INPUT}</arg>
<arg>${USERNAME}</arg>
<doc>Types the given ``text`` into the text field identified by ``locator``.</doc>
<status status="PASS" start="2025-04-28T15:36:24.961560" elapsed="0.038377"/>
</kw>
<kw name="Input Password" owner="SeleniumLibrary">
<msg time="2025-04-28T15:36:25.000395" level="INFO">Typing password into text field 'xpath://input[@id='password']'.</msg>
<msg time="2025-04-28T15:36:25.017628" level="INFO">Temporally setting log level to: NONE</msg>
<arg>${PASSWORD_INPUT}</arg>
<arg>${PASSWORD}</arg>
<doc>Types the given password into the text field identified by ``locator``.</doc>
<status status="PASS" start="2025-04-28T15:36:25.000093" elapsed="0.036387"/>
</kw>
<kw name="Click Element" owner="SeleniumLibrary">
<msg time="2025-04-28T15:36:25.036894" level="INFO">Clicking element 'id:login-button'.</msg>
<arg>${LOGIN_BUTTON}</arg>
<doc>Click the element identified by ``locator``.</doc>
<status status="PASS" start="2025-04-28T15:36:25.036635" elapsed="0.031828"/>
</kw>
<arg>${USERNAME}</arg>
<arg>${PASSWORD}</arg>
<status status="PASS" start="2025-04-28T15:36:24.961288" elapsed="0.107369"/>
</kw>
<kw name="Wait Until Element Contains" owner="SeleniumLibrary">
<arg>xpath://*[@data-test='error']</arg>
<arg>Epic sadface:</arg>
<doc>Waits until the element ``locator`` contains ``text``.</doc>
<status status="PASS" start="2025-04-28T15:36:25.068910" elapsed="0.008953"/>
</kw>
<kw name="Element Should Contain" owner="SeleniumLibrary">
<msg time="2025-04-28T15:36:25.089499" level="INFO">Element 'xpath://*[@data-test='error']' contains text 'Epic sadface:'.</msg>
<arg>xpath://*[@data-test='error']</arg>
<arg>Epic sadface:</arg>
<doc>Verifies that element ``locator`` contains text ``expected``.</doc>
<status status="PASS" start="2025-04-28T15:36:25.078112" elapsed="0.011473"/>
</kw>
<kw name="Get Error Message" owner="login_resources">
<kw name="Get Text" owner="SeleniumLibrary">
<msg time="2025-04-28T15:36:25.098332" level="INFO">${LOGIN_ERROR_MESSAGE} = Epic sadface: Username and password do not match any user in this service</msg>
<var>${LOGIN_ERROR_MESSAGE}</var>
<arg>xpath://*[@data-test='error']</arg>
<doc>Returns the text value of the element identified by ``locator``.</doc>
<status status="PASS" start="2025-04-28T15:36:25.090075" elapsed="0.008296"/>
</kw>
<return>
<value>${LOGIN_ERROR_MESSAGE}</value>
<status status="PASS" start="2025-04-28T15:36:25.098444" elapsed="0.000133"/>
</return>
<msg time="2025-04-28T15:36:25.098700" level="INFO">${ERROR_MESSAGE} = Epic sadface: Username and password do not match any user in this service</msg>
<var>${ERROR_MESSAGE}</var>
<status status="PASS" start="2025-04-28T15:36:25.089766" elapsed="0.008961"/>
</kw>
<kw name="Log" owner="BuiltIn">
<msg time="2025-04-28T15:36:25.098994" level="INFO">Epic sadface: Username and password do not match any user in this service</msg>
<arg>${ERROR_MESSAGE}</arg>
<doc>Logs the given message with the given level.</doc>
<status status="PASS" start="2025-04-28T15:36:25.098831" elapsed="0.000204"/>
</kw>
<kw name="Clear Login Inputs" owner="login_resources">
<kw name="Clear Element Text" owner="SeleniumLibrary">
<arg>${USERNAME_INPUT}</arg>
<doc>Clears the value of the text-input-element identified by ``locator``.</doc>
<status status="PASS" start="2025-04-28T15:36:25.099370" elapsed="0.016604"/>
</kw>
<kw name="Clear Element Text" owner="SeleniumLibrary">
<arg>${PASSWORD_INPUT}</arg>
<doc>Clears the value of the text-input-element identified by ``locator``.</doc>
<status status="PASS" start="2025-04-28T15:36:25.116158" elapsed="0.015644"/>
</kw>
<status status="PASS" start="2025-04-28T15:36:25.099155" elapsed="0.032754"/>
</kw>
<arg>${INVALID_USERNAME}</arg>
<arg>${EMPTY}</arg>
<status status="PASS" start="2025-04-28T15:36:24.959902" elapsed="0.172064"/>
</kw>
<status status="PASS" start="2025-04-28T15:36:24.959619" elapsed="0.172451"/>
</test>
<test id="s1-s1-t5" name="Wrong user wrong password" line="31">
<kw name="Invalid Login">
<kw name="Set Selenium Timeout" owner="SeleniumLibrary">
<arg>10 seconds</arg>
<doc>Sets the timeout that is used by various keywords.</doc>
<status status="PASS" start="2025-04-28T15:36:25.132925" elapsed="0.000701"/>
</kw>
<kw name="Login To Application" owner="login_resources">
<kw name="Input Text" owner="SeleniumLibrary">
<msg time="2025-04-28T15:36:25.134218" level="INFO">Typing text 'test' into text field 'name:user-name'.</msg>
<arg>${USERNAME_INPUT}</arg>
<arg>${USERNAME}</arg>
<doc>Types the given ``text`` into the text field identified by ``locator``.</doc>
<status status="PASS" start="2025-04-28T15:36:25.134012" elapsed="0.038144"/>
</kw>
<kw name="Input Password" owner="SeleniumLibrary">
<msg time="2025-04-28T15:36:25.172609" level="INFO">Typing password into text field 'xpath://input[@id='password']'.</msg>
<msg time="2025-04-28T15:36:25.189158" level="INFO">Temporally setting log level to: NONE</msg>
<arg>${PASSWORD_INPUT}</arg>
<arg>${PASSWORD}</arg>
<doc>Types the given password into the text field identified by ``locator``.</doc>
<status status="PASS" start="2025-04-28T15:36:25.172311" elapsed="0.039075"/>
</kw>
<kw name="Click Element" owner="SeleniumLibrary">
<msg time="2025-04-28T15:36:25.211801" level="INFO">Clicking element 'id:login-button'.</msg>
<arg>${LOGIN_BUTTON}</arg>
<doc>Click the element identified by ``locator``.</doc>
<status status="PASS" start="2025-04-28T15:36:25.211537" elapsed="0.031974"/>
</kw>
<arg>${USERNAME}</arg>
<arg>${PASSWORD}</arg>
<status status="PASS" start="2025-04-28T15:36:25.133744" elapsed="0.109881"/>
</kw>
<kw name="Wait Until Element Contains" owner="SeleniumLibrary">
<arg>xpath://*[@data-test='error']</arg>
<arg>Epic sadface:</arg>
<doc>Waits until the element ``locator`` contains ``text``.</doc>
<status status="PASS" start="2025-04-28T15:36:25.243746" elapsed="0.008673"/>
</kw>
<kw name="Element Should Contain" owner="SeleniumLibrary">
<msg time="2025-04-28T15:36:25.260928" level="INFO">Element 'xpath://*[@data-test='error']' contains text 'Epic sadface:'.</msg>
<arg>xpath://*[@data-test='error']</arg>
<arg>Epic sadface:</arg>
<doc>Verifies that element ``locator`` contains text ``expected``.</doc>
<status status="PASS" start="2025-04-28T15:36:25.252557" elapsed="0.008445"/>
</kw>
<kw name="Get Error Message" owner="login_resources">
<kw name="Get Text" owner="SeleniumLibrary">
<msg time="2025-04-28T15:36:25.269892" level="INFO">${LOGIN_ERROR_MESSAGE} = Epic sadface: Username and password do not match any user in this service</msg>
<var>${LOGIN_ERROR_MESSAGE}</var>
<arg>xpath://*[@data-test='error']</arg>
<doc>Returns the text value of the element identified by ``locator``.</doc>
<status status="PASS" start="2025-04-28T15:36:25.261466" elapsed="0.008465"/>
</kw>
<return>
<value>${LOGIN_ERROR_MESSAGE}</value>
<status status="PASS" start="2025-04-28T15:36:25.270005" elapsed="0.000141"/>
</return>
<msg time="2025-04-28T15:36:25.270272" level="INFO">${ERROR_MESSAGE} = Epic sadface: Username and password do not match any user in this service</msg>
<var>${ERROR_MESSAGE}</var>
<status status="PASS" start="2025-04-28T15:36:25.261170" elapsed="0.009128"/>
</kw>
<kw name="Log" owner="BuiltIn">
<msg time="2025-04-28T15:36:25.270571" level="INFO">Epic sadface: Username and password do not match any user in this service</msg>
<arg>${ERROR_MESSAGE}</arg>
<doc>Logs the given message with the given level.</doc>
<status status="PASS" start="2025-04-28T15:36:25.270405" elapsed="0.000223"/>
</kw>
<kw name="Clear Login Inputs" owner="login_resources">
<kw name="Clear Element Text" owner="SeleniumLibrary">
<arg>${USERNAME_INPUT}</arg>
<doc>Clears the value of the text-input-element identified by ``locator``.</doc>
<status status="PASS" start="2025-04-28T15:36:25.271020" elapsed="0.016654"/>
</kw>
<kw name="Clear Element Text" owner="SeleniumLibrary">
<arg>${PASSWORD_INPUT}</arg>
<doc>Clears the value of the text-input-element identified by ``locator``.</doc>
<status status="PASS" start="2025-04-28T15:36:25.287865" elapsed="0.016873"/>
</kw>
<status status="PASS" start="2025-04-28T15:36:25.270793" elapsed="0.034053"/>
</kw>
<arg>${INVALID_USERNAME}</arg>
<arg>${INVALID_PASSWORD}</arg>
<status status="PASS" start="2025-04-28T15:36:25.132587" elapsed="0.172316"/>
</kw>
<status status="PASS" start="2025-04-28T15:36:25.132299" elapsed="0.172709"/>
</test>
<kw name="Close All Browsers" owner="SeleniumLibrary" type="TEARDOWN">
<doc>Closes all open browsers and resets the browser cache.</doc>
<status status="PASS" start="2025-04-28T15:36:25.305422" elapsed="2.106981"/>
</kw>
<status status="PASS" start="2025-04-28T15:36:22.426794" elapsed="4.985702"/>
</suite>
<status status="PASS" start="2025-04-28T15:36:22.415262" elapsed="4.997920"/>
</suite>
<statistics>
<total>
<stat pass="5" fail="0" skip="0">All Tests</stat>
</total>
<tag>
</tag>
<suite>
<stat name="Suites" id="s1" pass="5" fail="0" skip="0">Suites</stat>
<stat name="SeleniumTestTemplate" id="s1-s1" pass="5" fail="0" skip="0">Suites.SeleniumTestTemplate</stat>
</suite>
</statistics>
<errors>
</errors>
</robot>
